Unbread#0683: 
balaur20#4458: 
balaur20#4458: OK
Lutaal#4809: 👍
Lutaal#4809: 
Lutaal#4809: 
balaur20#4458: certified 🌶️ moment
balaur20#4458: It was invented by Joe
Lutaal#4809: https://im.ezgif.com/tmp/ezgif-1-096e59331d86.png
Lutaal#4809: https://discordapp.com/assets/08c0a077780263f3df97613e58e71744.svg
balaur20#4458: Joe Mama
Unbread#0683: 
balaur20#4458: I need to start on that lol
Unbread#0683: yeah there's quite a bit to go over
Lutaal#4809: that's pretty tiny
Unbread#0683: that's what she said
Unbread#0683: lmao
Lutaal#4809: 🤔
Unbread#0683: there u go
Unbread#0683: what have u been doing garret
Unbread#0683: and ur dad
Unbread#0683: carrot
Lutaal#4809: wat
Unbread#0683: kakarot
Unbread#0683: 
Unbread#0683: for the assignment we did, we followed this slide of hers
Unbread#0683: but she graded the assignment differently
Unbread#0683: there should only be 3 test cases if we did the logic she was talking about in the assignment solutions
Unbread#0683: WHY
balaur20#4458: Idk but I'm pretty sure we should follow her assignments since its the only thing she's actually grading
Unbread#0683: yes, agreed...
Lutaal#4809: note page is 1 page front/back?
balaur20#4458: yup
Lutaal#4809: What did you guys even put on your notes?
Lutaal#4809: I feel like I should just use my notes from the midterm
balaur20#4458: Assignment 1-3 and like some random stuff i wont remember
Unbread#0683: I put everything from 11-15 slides or something
Unbread#0683: Everything...
balaur20#4458: everything
Lutaal#4809: The kitchen sink then
Unbread#0683: I still have half of a side of paper available
balaur20#4458: same lol
balaur20#4458: I know i’m gonna regret not filling it though
Unbread#0683: Yeah like on the midterm, when she asked for scrum artifacts
Unbread#0683: Lost 3 points...
Lutaal#4809: I only need 24 points or so to get a C
Unbread#0683: LOL
Lutaal#4809: And 91 or so to get an A
Lutaal#4809: So I’m having trouble motivating myself to aim for that A when getting a B is a guarantee
Unbread#0683: Yeah... 91 is hard
Lutaal#4809: 55 points to get a B
balaur20#4458: you guys on campus?
Unbread#0683: yes
Unbread#0683: i'm in the lower level
balaur20#4458: im under the stairs
Unbread#0683: hmm....
balaur20#4458: what is lower level? like of the library?
Unbread#0683: yeah lol
Unbread#0683: where we met with grayson
Unbread#0683: ur in the cs building?
balaur20#4458: ye
Unbread#0683: i would go but i have my gf and friend here
balaur20#4458: gotcha
Unbread#0683: I changed my mind
Unbread#0683: Im coming
balaur20#4458: lol you dont gotta just for me
Unbread#0683: But this will benefit us
Unbread#0683: If we focus that is
balaur20#4458: we prob should focus
balaur20#4458: rn im looking at memes
Unbread#0683: I knew it
balaur20#4458: Imma head to where garret likes to stay
balaur20#4458: nvm we in the class
balaur20#4458: i found him
Unbread#0683: 
Unbread#0683: 
Unbread#0683: i hate class diagrams, and i am also bad at emailing
Unbread#0683: 
Unbread#0683: "should appear to be atomic", lmao

this is why i wrote down everything for the final btw. Since the midterm had so many small details, i knew if i wrote everything NOTHING WOULD go over my head
Lutaal#4809: Rip
Lutaal#4809: That Release section was what I wrote
balaur20#4458: damn I didnt write any of it
balaur20#4458: :/
Unbread#0683: it's okay, B
Unbread#0683: B's for everyone...
balaur20#4458: She’s the oprah of B’s
Lutaal#4809: You manage to arrive to all your finals on time Chris?
Unbread#0683: Yes, thank u carrot
balaur20#4458: Lmao yea
balaur20#4458: I still have an online one I haven’t taken yet though
balaur20#4458: so I might be late on that 😂
Unbread#0683: i've done it garret
Unbread#0683: my bot can now retrieve all messages from a channel
Lutaal#4809: oh yeah?
Lutaal#4809: where does it output to?
Unbread#0683: no where yet, i can make it output to a .txt file
Lutaal#4809: ah gotcha
balaur20#4458: what are you gonna do with this power?
Unbread#0683: i'm going to pull messages from garret's channel
Unbread#0683: and read all the messages
Lutaal#4809: *squints*
balaur20#4458: 😱
Unbread#0683: 
Lutaal#4809: how hard is it to do?
Lutaal#4809: like do you actually have to set up a bot or can i just run some script once?
Unbread#0683: hmmm...
Unbread#0683: i'm not sure exactly how discord bots work
Unbread#0683: i just know if u can add it into ur server u can use it and then remove it when you're done
Unbread#0683: and it'll run once
Unbread#0683: if u call the command once
Unbread#0683: also it wasn
Unbread#0683: wasn't hard to do
Unbread#0683: but idk how to do it without a bot
Lutaal#4809: ah gotcha
Lutaal#4809: also noted
Unbread#0683: 
Unbread#0683: i just read that
Unbread#0683: used it, and then it fetched all the messages
Unbread#0683: garret
Unbread#0683: can u give me admin power on this server
Unbread#0683: i know u want to
Lutaal#4809: ye
Lutaal#4809: aight you should have it now
Unbread#0683: !fetchMessages
Unbread#0683: alright garret... it's all done...
Unbread#0683: !fetchMessages
BreadBot#6208: Messages saved to general_messages.log
Unbread#0683: o wait oops
Unbread#0683: !fetchMessages
BreadBot#6208: Messages saved to general_messages.log
Unbread#0683: ah.. haha...
Unbread#0683: 
Lutaal#4809: magnificent
Unbread#0683: sry im fixing some bugs
Unbread#0683: this should be the last call
Unbread#0683: !fetchMessages
