Where's are my!guns
🔫

oh wait a minute, by level system u mean like the !rank thing LOL
test
hella
halou
a
wtf
Smarty

There's like 25 ppl here
There's 2 rows of people
The girl in the pink dresses weird but she's kinda Cute
woah
Oh cool
A girl that likes me is here too
Time for more ego boost
Position of authority
what LOL
a girl that likes u...
test
test
TEST
haew
haaeuw
fuk ye
yee budyd
We Todd Ed
lmao
This overweight girl who has a cute voice
Always looks at me flirtingly
Then I look back at her flirtibgly
oh god
Then we just non speak flirt
But I wouldn't bang her
i ccan't stand overweight
...
wow i spelled progress
correctly

Unbread#0683
hello
